<?xml version="1.0" encoding="UTF-8"?>
<testng-results ignored="0" total="3" passed="2" failed="1" skipped="0">
  <reporter-output>
  </reporter-output>
  <suite started-at="2022-03-13T16:50:51Z" name="Simpli5d" finished-at="2022-03-13T16:51:36Z" duration-ms="44912">
    <groups>
    </groups>
    <test started-at="2022-03-13T16:50:51Z" name="Search Box and Logo Test" finished-at="2022-03-13T16:51:36Z" duration-ms="44912">
      <class name="com.google.testCases.TC001">
        <test-method is-config="true" signature="setup(java.lang.String)[pri:0, instance:com.google.testCases.TC001@5db250b4]" started-at="2022-03-13T16:50:51Z" name="setup" finished-at="2022-03-13T16:51:00Z" duration-ms="8405" status="PASS">
          <params>
            <param index="0">
              <value>
                <![CDATA[chrome]]>
              </value>
            </param>
          </params>
          <reporter-output>
          </reporter-output>
        </test-method> <!-- setup -->
        <test-method signature="CheckBoxandLogo()[pri:0, instance:com.google.testCases.TC001@5db250b4]" started-at="2022-03-13T16:51:00Z" name="CheckBoxandLogo" finished-at="2022-03-13T16:51:02Z" duration-ms="2181" status="PASS">
          <reporter-output>
          </reporter-output>
        </test-method> <!-- CheckBoxandLogo -->
        <test-method is-config="true" signature="tearDown()[pri:0, instance:com.google.testCases.TC001@5db250b4]" started-at="2022-03-13T16:51:02Z" name="tearDown" finished-at="2022-03-13T16:51:02Z" duration-ms="383" status="PASS">
          <reporter-output>
          </reporter-output>
        </test-method> <!-- tearDown -->
      </class> <!-- com.google.testCases.TC001 -->
      <class name="com.google.testCases.TC002">
        <test-method is-config="true" signature="setup(java.lang.String)[pri:0, instance:com.google.testCases.TC002@223f3642]" started-at="2022-03-13T16:51:02Z" name="setup" finished-at="2022-03-13T16:51:09Z" duration-ms="7006" status="PASS">
          <params>
            <param index="0">
              <value>
                <![CDATA[chrome]]>
              </value>
            </param>
          </params>
          <reporter-output>
          </reporter-output>
        </test-method> <!-- setup -->
        <test-method signature="StartSearch()[pri:0, instance:com.google.testCases.TC002@223f3642]" started-at="2022-03-13T16:51:09Z" name="StartSearch" finished-at="2022-03-13T16:51:12Z" duration-ms="2264" status="PASS">
          <reporter-output>
          </reporter-output>
        </test-method> <!-- StartSearch -->
        <test-method is-config="true" signature="tearDown()[pri:0, instance:com.google.testCases.TC002@223f3642]" started-at="2022-03-13T16:51:12Z" name="tearDown" finished-at="2022-03-13T16:51:12Z" duration-ms="349" status="PASS">
          <reporter-output>
          </reporter-output>
        </test-method> <!-- tearDown -->
      </class> <!-- com.google.testCases.TC002 -->
      <class name="com.google.testCases.TC003">
        <test-method is-config="true" signature="setup(java.lang.String)[pri:0, instance:com.google.testCases.TC003@38c5cc4c]" started-at="2022-03-13T16:51:12Z" name="setup" finished-at="2022-03-13T16:51:19Z" duration-ms="6822" status="PASS">
          <params>
            <param index="0">
              <value>
                <![CDATA[chrome]]>
              </value>
            </param>
          </params>
          <reporter-output>
          </reporter-output>
        </test-method> <!-- setup -->
        <test-method signature="CheckResult()[pri:0, instance:com.google.testCases.TC003@38c5cc4c]" started-at="2022-03-13T16:51:19Z" name="CheckResult" finished-at="2022-03-13T16:51:35Z" duration-ms="16547" status="FAIL">
          <exception class="org.openqa.selenium.NoSuchElementException">
            <message>
              <![CDATA[no such element: Unable to locate element: {"method":"xpath","selector":"/html/body/div[7]/div/div[10]/div[1]/div[2]/div[2]/div/div/div["+i+"]/div/div[1]/div/a/h3"}
  (Session info: chrome=99.0.4844.51)
  (Driver info: chromedriver=2.43.600210 (68dcf5eebde37173d4027fa8635e332711d2874a),platform=Windows NT 10.0.19043 x86_64) (WARNING: The server did not provide any stacktrace information)
Command duration or timeout: 0 milliseconds
For documentation on this error, please visit: http://seleniumhq.org/exceptions/no_such_element.html
Build info: version: '3.14.0', revision: 'aacccce0', time: '2018-08-02T20:19:58.91Z'
System info: host: 'PARICHIT', ip: '192.168.0.9', os.name: 'Windows 10', os.arch: 'amd64', os.version: '10.0', java.version: '16.0.1'
Driver info: org.openqa.selenium.chrome.ChromeDriver
Capabilities {acceptInsecureCerts: false, acceptSslCerts: false, applicationCacheEnabled: false, browserConnectionEnabled: false, browserName: chrome, chrome: {chromedriverVersion: 2.43.600210 (68dcf5eebde371..., userDataDir: C:\Users\91965\AppData\Loca...}, cssSelectorsEnabled: true, databaseEnabled: false, goog:chromeOptions: {debuggerAddress: localhost:53128}, handlesAlerts: true, hasTouchScreen: false, javascriptEnabled: true, locationContextEnabled: true, mobileEmulationEnabled: false, nativeEvents: true, networkConnectionEnabled: false, pageLoadStrategy: normal, platform: XP, platformName: XP, rotatable: false, setWindowRect: true, takesHeapSnapshot: true, takesScreenshot: true, unexpectedAlertBehaviour: , unhandledPromptBehavior: , version: 99.0.4844.51, webStorageEnabled: true}
Session ID: f2eb035acfa8f7726bb4b9dbd0505735
*** Element info: {Using=xpath, value=/html/body/div[7]/div/div[10]/div[1]/div[2]/div[2]/div/div/div["+i+"]/div/div[1]/div/a/h3}]]>
            </message>
            <full-stacktrace>
              <![CDATA[org.openqa.selenium.NoSuchElementException: no such element: Unable to locate element: {"method":"xpath","selector":"/html/body/div[7]/div/div[10]/div[1]/div[2]/div[2]/div/div/div["+i+"]/div/div[1]/div/a/h3"}
  (Session info: chrome=99.0.4844.51)
  (Driver info: chromedriver=2.43.600210 (68dcf5eebde37173d4027fa8635e332711d2874a),platform=Windows NT 10.0.19043 x86_64) (WARNING: The server did not provide any stacktrace information)
Command duration or timeout: 0 milliseconds
For documentation on this error, please visit: http://seleniumhq.org/exceptions/no_such_element.html
Build info: version: '3.14.0', revision: 'aacccce0', time: '2018-08-02T20:19:58.91Z'
System info: host: 'PARICHIT', ip: '192.168.0.9', os.name: 'Windows 10', os.arch: 'amd64', os.version: '10.0', java.version: '16.0.1'
Driver info: org.openqa.selenium.chrome.ChromeDriver
Capabilities {acceptInsecureCerts: false, acceptSslCerts: false, applicationCacheEnabled: false, browserConnectionEnabled: false, browserName: chrome, chrome: {chromedriverVersion: 2.43.600210 (68dcf5eebde371..., userDataDir: C:\Users\91965\AppData\Loca...}, cssSelectorsEnabled: true, databaseEnabled: false, goog:chromeOptions: {debuggerAddress: localhost:53128}, handlesAlerts: true, hasTouchScreen: false, javascriptEnabled: true, locationContextEnabled: true, mobileEmulationEnabled: false, nativeEvents: true, networkConnectionEnabled: false, pageLoadStrategy: normal, platform: XP, platformName: XP, rotatable: false, setWindowRect: true, takesHeapSnapshot: true, takesScreenshot: true, unexpectedAlertBehaviour: , unhandledPromptBehavior: , version: 99.0.4844.51, webStorageEnabled: true}
Session ID: f2eb035acfa8f7726bb4b9dbd0505735
*** Element info: {Using=xpath, value=/html/body/div[7]/div/div[10]/div[1]/div[2]/div[2]/div/div/div["+i+"]/div/div[1]/div/a/h3}
at java.base/jdk.internal.reflect.NativeConstructorAccessorImpl.newInstance0(Native Method)
at java.base/jdk.internal.reflect.NativeConstructorAccessorImpl.newInstance(NativeConstructorAccessorImpl.java:78)
at java.base/jdk.internal.reflect.DelegatingConstructorAccessorImpl.newInstance(DelegatingConstructorAccessorImpl.java:45)
at java.base/java.lang.reflect.Constructor.newInstanceWithCaller(Constructor.java:499)
at java.base/java.lang.reflect.Constructor.newInstance(Constructor.java:480)
at org.openqa.selenium.remote.ErrorHandler.createThrowable(ErrorHandler.java:214)
at org.openqa.selenium.remote.ErrorHandler.throwIfResponseFailed(ErrorHandler.java:166)
at org.openqa.selenium.remote.http.JsonHttpResponseCodec.reconstructValue(JsonHttpResponseCodec.java:40)
at org.openqa.selenium.remote.http.AbstractHttpResponseCodec.decode(AbstractHttpResponseCodec.java:80)
at org.openqa.selenium.remote.http.AbstractHttpResponseCodec.decode(AbstractHttpResponseCodec.java:44)
at org.openqa.selenium.remote.HttpCommandExecutor.execute(HttpCommandExecutor.java:158)
at org.openqa.selenium.remote.service.DriverCommandExecutor.execute(DriverCommandExecutor.java:83)
at org.openqa.selenium.remote.RemoteWebDriver.execute(RemoteWebDriver.java:548)
at org.openqa.selenium.remote.RemoteWebDriver.findElement(RemoteWebDriver.java:322)
at org.openqa.selenium.remote.RemoteWebDriver.findElementByXPath(RemoteWebDriver.java:424)
at org.openqa.selenium.By$ByXPath.findElement(By.java:353)
at org.openqa.selenium.remote.RemoteWebDriver.findElement(RemoteWebDriver.java:314)
at com.google.pageObjects.SearchPage.FirstURL(SearchPage.java:48)
at com.google.testCases.TC003.CheckResult(TC003.java:26)
at java.base/jdk.internal.reflect.NativeMethodAccessorImpl.invoke0(Native Method)
at java.base/jdk.internal.reflect.NativeMethodAccessorImpl.invoke(NativeMethodAccessorImpl.java:78)
at java.base/jdk.internal.reflect.DelegatingMethodAccessorImpl.invoke(DelegatingMethodAccessorImpl.java:43)
at java.base/java.lang.reflect.Method.invoke(Method.java:567)
at org.testng.internal.MethodInvocationHelper.invokeMethod(MethodInvocationHelper.java:124)
at org.testng.internal.Invoker.invokeMethod(Invoker.java:583)
at org.testng.internal.Invoker.invokeTestMethod(Invoker.java:719)
at org.testng.internal.Invoker.invokeTestMethods(Invoker.java:989)
at org.testng.internal.TestMethodWorker.invokeTestMethods(TestMethodWorker.java:125)
at org.testng.internal.TestMethodWorker.run(TestMethodWorker.java:109)
at org.testng.TestRunner.privateRun(TestRunner.java:648)
at org.testng.TestRunner.run(TestRunner.java:505)
at org.testng.SuiteRunner.runTest(SuiteRunner.java:455)
at org.testng.SuiteRunner.runSequentially(SuiteRunner.java:450)
at org.testng.SuiteRunner.privateRun(SuiteRunner.java:415)
at org.testng.SuiteRunner.run(SuiteRunner.java:364)
at org.testng.SuiteRunnerWorker.runSuite(SuiteRunnerWorker.java:52)
at org.testng.SuiteRunnerWorker.run(SuiteRunnerWorker.java:84)
at org.testng.TestNG.runSuitesSequentially(TestNG.java:1208)
at org.testng.TestNG.runSuitesLocally(TestNG.java:1137)
at org.testng.TestNG.runSuites(TestNG.java:1049)
at org.testng.TestNG.run(TestNG.java:1017)
at org.testng.remote.AbstractRemoteTestNG.run(AbstractRemoteTestNG.java:115)
at org.testng.remote.RemoteTestNG.initAndRun(RemoteTestNG.java:251)
at org.testng.remote.RemoteTestNG.main(RemoteTestNG.java:77)
]]>
            </full-stacktrace>
          </exception> <!-- org.openqa.selenium.NoSuchElementException -->
          <reporter-output>
          </reporter-output>
        </test-method> <!-- CheckResult -->
        <test-method is-config="true" signature="tearDown()[pri:0, instance:com.google.testCases.TC003@38c5cc4c]" started-at="2022-03-13T16:51:35Z" name="tearDown" finished-at="2022-03-13T16:51:36Z" duration-ms="410" status="PASS">
          <reporter-output>
          </reporter-output>
        </test-method> <!-- tearDown -->
      </class> <!-- com.google.testCases.TC003 -->
    </test> <!-- Search Box and Logo Test -->
  </suite> <!-- Simpli5d -->
</testng-results>
